Proving methods in T_CallerCallee
Starting proof of T_CallerCallee.T_CallerCallee() with prover z3_4_3
Method assertions are validated [1.12 secs]
T_CallerCallee.java:2:Feasibility check #1 - end of preconditions : OK [0.11 secs]
T_CallerCallee.java:2:Feasibility check #2 - at program exit : OK [0.13 secs]
Completed proof of T_CallerCallee.T_CallerCallee() with prover z3_4_3 - no warnings [1.53 secs]
Starting proof of T_CallerCallee.caller1() with prover z3_4_3
Method assertions are validated [1.12 secs]
T_CallerCallee.java:4:Feasibility check #1 - end of preconditions : OK [0.23 secs]
T_CallerCallee.java:6:Feasibility check #2 - before explicit assert statement : OK [0.22 secs]
T_CallerCallee.java:8:Feasibility check #3 - before explicit assert statement : OK [0.24 secs]
T_CallerCallee.java:4:Feasibility check #4 - at program exit : OK [0.24 secs]
Completed proof of T_CallerCallee.caller1() with prover z3_4_3 - no warnings [2.09 secs]
Starting proof of T_CallerCallee.caller2() with prover z3_4_3
T_CallerCallee.caller2 Method assertions are INVALID
T_CallerCallee.java:12: verify: The prover cannot establish an assertion (Precondition: T_CallerCallee.java:26:) in method caller2
     boolean b1 = lessThanDouble(-1, -2);
                                ^
T_CallerCallee.java:26: verify: Associated declaration: T_CallerCallee.java:12:
  public boolean lessThanDouble(int x, int y) {
                 ^
T_CallerCallee.java:24: verify: Precondition conjunct is false: y >= 0
  //@ requires x > y && y >= 0;
                          ^
Completed proof of T_CallerCallee.caller2() with prover z3_4_3 - with warnings [1.37 secs]
Starting proof of T_CallerCallee.caller3() with prover z3_4_3
T_CallerCallee.caller3 Method assertions are INVALID
T_CallerCallee.java:16: verify: The prover cannot establish an assertion (Precondition: T_CallerCallee.java:26:) in method caller3
     boolean b2 = lessThanDouble(2, 2);
                                ^
T_CallerCallee.java:26: verify: Associated declaration: T_CallerCallee.java:16:
  public boolean lessThanDouble(int x, int y) {
                 ^
T_CallerCallee.java:24: verify: Precondition conjunct is false: x > y
  //@ requires x > y && y >= 0;
                 ^
Completed proof of T_CallerCallee.caller3() with prover z3_4_3 - with warnings [1.39 secs]
Starting proof of T_CallerCallee.caller4() with prover z3_4_3
T_CallerCallee.caller4 Method assertions are INVALID
T_CallerCallee.java:21: verify: The prover cannot establish an assertion (Assert) in method caller4
     //@ assert b == true;
         ^
Completed proof of T_CallerCallee.caller4() with prover z3_4_3 - with warnings [1.31 secs]
Starting proof of T_CallerCallee.lessThanDouble(int,int) with prover z3_4_3
Method assertions are validated [1.05 secs]
T_CallerCallee.java:26:Feasibility check #1 - end of preconditions : OK [0.21 secs]
T_CallerCallee.java:26:Feasibility check #2 - at program exit : OK [0.08 secs]
Completed proof of T_CallerCallee.lessThanDouble(int,int) with prover z3_4_3 - no warnings [1.35 secs]
Completed proving methods in T_CallerCallee [9.08 secs]
Summary:
  Valid:        3
  Invalid:      3
  Infeasible:   0
  Timeout:      0
  Error:        0
  Skipped:      0
 TOTAL METHODS: 6
 Classes:       0 proved of 1
 Model Classes: 0
 Model methods: 0 proved of 0
 DURATION:          9.4 secs

7 verification failures
