T_show1.java:10: verify: The prover cannot establish an assertion (Postcondition: T_show1.java:3:) in method max
    return maxSoFar;
    ^
T_show1.java:3: verify: Associated declaration: T_show1.java:10:
  //@ ensures \result >= a && \result >= b && \result >= c && \result >= d;
      ^

TRACE of T_show1.max(int,int,int,int)
T_show1.java:1: 	requires true; 
T_show1.java:6: 	int maxSoFar = a
T_show1.java:1: 	if (b > maxSoFar) ...
				Condition = true
T_show1.java:7: 	maxSoFar = b
T_show1.java:1: 	if (c > maxSoFar) ...
				Condition = true
T_show1.java:8: 	maxSoFar = c
T_show1.java:1: 	if (d > maxSoFar) ...
				Condition = true
T_show1.java:9: 	maxSoFar = c
T_show1.java:10: 	return maxSoFar;
T_show1.java:3: 	ensures \result >= a && \result >= b && \result >= c && \result >= d; 
T_show1.java:10: Invalid assertion (Postcondition)
: T_show1.java:3: Associated location

2 verification failures
