Proving methods in Demo
Starting proof of Demo.Demo() with prover !!!!
Completed proof of Demo.Demo() with prover !!!! - no warnings
Starting proof of Demo.test(int) with prover !!!!
Proof attempt for split A
Demo.java:6: warning: The prover cannot establish an assertion (Assert) in method test
      //@ assert i > 1; // ERROR
          ^
Result of split A is Not verified
Proof attempt for split BA
Demo.java:8: warning: The prover cannot establish an assertion (Assert) in method test
      //@ assert i < -1; // ERROR
          ^
Result of split BA is Not verified
Proof attempt for split BB
Result of split BB is Verified
Composite result Not verified
Completed proof of Demo.test(int) with prover !!!! - with warnings
Completed proving methods in Demo
2 warnings
